/*C4*/SET SCHEMA PUBLIC
CREATE TABLE teams (\u000a\u0009name VARCHAR(30) PRIMARY KEY,\u000a\u0009region VARCHAR(30)\u000a)
CREATE TABLE players (\u000a\u0009id INTEGER IDENTITY PRIMARY KEY,\u000a\u0009name VARCHAR(30),\u000a\u0009password VARCHAR(30),\u000a\u0009team VARCHAR(30),\u000a\u0009FOREIGN KEY (team) REFERENCES TEAMS(name)\u000a)
/*C5*/SET SCHEMA PUBLIC
DISCONNECT
/*C6*/SET SCHEMA PUBLIC
DISCONNECT
/*C7*/SET SCHEMA PUBLIC
DISCONNECT
/*C4*/INSERT INTO TEAMS VALUES('Cloud9','NA')
COMMIT
/*C8*/SET SCHEMA PUBLIC
INSERT INTO PLAYERS VALUES(3,'iQuain','TestPassword','Cloud9')
COMMIT
DISCONNECT
/*C9*/SET SCHEMA PUBLIC
INSERT INTO PLAYERS VALUES(4,'TestName','TestPass','Cloud9')
COMMIT
DISCONNECT
/*C10*/SET SCHEMA PUBLIC
INSERT INTO TEAMS VALUES('Dignitas','EU')
COMMIT
DISCONNECT
/*C4*/DISCONNECT
